Mock Version: 5.5
ENTER ['do_with_status'](['bash', '--login', '-c', '/usr/bin/rpmbuild -bs  --target x86_64 --nodeps /builddir/build/SPECS/cookbook-barnyard2.spec'], chrootPath='/var/lib/mock/sdk9/root'env={'TERM': 'vt100', 'SHELL': '/bin/bash', 'HOME': '/builddir', 'HOSTNAME': 'mock', 'PATH': '/usr/bin:/bin:/usr/sbin:/sbin', 'PROMPT_COMMAND': 'printf "\\033]0;<mock-chroot>\\007"', 'PS1': '<mock-chroot> \\s-\\v\\$ ', 'LANG': 'C.UTF-8'}shell=Falselogger=<mockbuild.trace_decorator.getLog object at 0x7f7a50e9d700>timeout=0uid=0gid=135user='mockbuild'nspawn_args=['--capability=cap_ipc_lock', '--bind=/tmp/mock-resolv.62svqrvs:/etc/resolv.conf', '--bind=/dev/mapper/control', '--bind=/dev/fuse', '--bind=/dev/loop-control', '--bind=/dev/loop0', '--bind=/dev/loop1', '--bind=/dev/loop2', '--bind=/dev/loop3', '--bind=/dev/loop4', '--bind=/dev/loop5', '--bind=/dev/loop6', '--bind=/dev/loop7', '--bind=/dev/loop8', '--bind=/dev/loop9', '--bind=/dev/loop10', '--bind=/dev/loop11']unshare_net=FalseprintOutput=True)
Using nspawn with args ['--capability=cap_ipc_lock', '--bind=/tmp/mock-resolv.62svqrvs:/etc/resolv.conf', '--bind=/dev/mapper/control', '--bind=/dev/fuse', '--bind=/dev/loop-control', '--bind=/dev/loop0', '--bind=/dev/loop1', '--bind=/dev/loop2', '--bind=/dev/loop3', '--bind=/dev/loop4', '--bind=/dev/loop5', '--bind=/dev/loop6', '--bind=/dev/loop7', '--bind=/dev/loop8', '--bind=/dev/loop9', '--bind=/dev/loop10', '--bind=/dev/loop11']
Executing command: ['/usr/bin/systemd-nspawn', '-q', '-M', '9babe3a014f24b6399c0f317d202a4ea', '-D', '/var/lib/mock/sdk9/root', '-a', '-u', 'mockbuild', '--capability=cap_ipc_lock', '--bind=/tmp/mock-resolv.62svqrvs:/etc/resolv.conf', '--bind=/dev/mapper/control', '--bind=/dev/fuse', '--bind=/dev/loop-control', '--bind=/dev/loop0', '--bind=/dev/loop1', '--bind=/dev/loop2', '--bind=/dev/loop3', '--bind=/dev/loop4', '--bind=/dev/loop5', '--bind=/dev/loop6', '--bind=/dev/loop7', '--bind=/dev/loop8', '--bind=/dev/loop9', '--bind=/dev/loop10', '--bind=/dev/loop11', '--console=pipe', '--setenv=TERM=vt100', '--setenv=SHELL=/bin/bash', '--setenv=HOME=/builddir', '--setenv=HOSTNAME=mock', '--setenv=PATH=/usr/bin:/bin:/usr/sbin:/sbin', '--setenv=PROMPT_COMMAND=printf "\\033]0;<mock-chroot>\\007"', '--setenv=PS1=<mock-chroot> \\s-\\v\\$ ', '--setenv=LANG=C.UTF-8', '--resolv-conf=off', 'bash', '--login', '-c', '/usr/bin/rpmbuild -bs  --target x86_64 --nodeps /builddir/build/SPECS/cookbook-barnyard2.spec'] with env {'TERM': 'vt100', 'SHELL': '/bin/bash', 'HOME': '/builddir', 'HOSTNAME': 'mock', 'PATH': '/usr/bin:/bin:/usr/sbin:/sbin', 'PROMPT_COMMAND': 'printf "\\033]0;<mock-chroot>\\007"', 'PS1': '<mock-chroot> \\s-\\v\\$ ', 'LANG': 'C.UTF-8', 'SYSTEMD_NSPAWN_TMPFS_TMP': '0', 'SYSTEMD_SECCOMP': '0'} and shell False
Building target platforms: x86_64
Building for target x86_64
setting SOURCE_DATE_EPOCH=1641513600
Wrote: /builddir/build/SRPMS/cookbook-barnyard2-0.0.7-1.el9.rb.1.src.rpm
Child return code was: 0
Mock Version: 5.5
ENTER ['do_with_status'](['bash', '--login', '-c', '/usr/bin/rpmbuild -bs  --target x86_64 --nodeps /builddir/build/SPECS/cookbook-barnyard2.spec'], chrootPath='/var/lib/mock/sdk9/root'env={'TERM': 'vt100', 'SHELL': '/bin/bash', 'HOME': '/builddir', 'HOSTNAME': 'mock', 'PATH': '/usr/bin:/bin:/usr/sbin:/sbin', 'PROMPT_COMMAND': 'printf "\\033]0;<mock-chroot>\\007"', 'PS1': '<mock-chroot> \\s-\\v\\$ ', 'LANG': 'C.UTF-8'}shell=Falselogger=<mockbuild.trace_decorator.getLog object at 0x7fa2d50fa700>timeout=0uid=0gid=135user='mockbuild'nspawn_args=['--capability=cap_ipc_lock', '--bind=/tmp/mock-resolv.ic8w2uof:/etc/resolv.conf', '--bind=/dev/mapper/control', '--bind=/dev/fuse', '--bind=/dev/loop-control', '--bind=/dev/loop0', '--bind=/dev/loop1', '--bind=/dev/loop2', '--bind=/dev/loop3', '--bind=/dev/loop4', '--bind=/dev/loop5', '--bind=/dev/loop6', '--bind=/dev/loop7', '--bind=/dev/loop8', '--bind=/dev/loop9', '--bind=/dev/loop10', '--bind=/dev/loop11']unshare_net=FalseprintOutput=True)
Using nspawn with args ['--capability=cap_ipc_lock', '--bind=/tmp/mock-resolv.ic8w2uof:/etc/resolv.conf', '--bind=/dev/mapper/control', '--bind=/dev/fuse', '--bind=/dev/loop-control', '--bind=/dev/loop0', '--bind=/dev/loop1', '--bind=/dev/loop2', '--bind=/dev/loop3', '--bind=/dev/loop4', '--bind=/dev/loop5', '--bind=/dev/loop6', '--bind=/dev/loop7', '--bind=/dev/loop8', '--bind=/dev/loop9', '--bind=/dev/loop10', '--bind=/dev/loop11']
Executing command: ['/usr/bin/systemd-nspawn', '-q', '-M', '6a91b5988d9040cc8b1f82f0a149d7f2', '-D', '/var/lib/mock/sdk9/root', '-a', '-u', 'mockbuild', '--capability=cap_ipc_lock', '--bind=/tmp/mock-resolv.ic8w2uof:/etc/resolv.conf', '--bind=/dev/mapper/control', '--bind=/dev/fuse', '--bind=/dev/loop-control', '--bind=/dev/loop0', '--bind=/dev/loop1', '--bind=/dev/loop2', '--bind=/dev/loop3', '--bind=/dev/loop4', '--bind=/dev/loop5', '--bind=/dev/loop6', '--bind=/dev/loop7', '--bind=/dev/loop8', '--bind=/dev/loop9', '--bind=/dev/loop10', '--bind=/dev/loop11', '--console=pipe', '--setenv=TERM=vt100', '--setenv=SHELL=/bin/bash', '--setenv=HOME=/builddir', '--setenv=HOSTNAME=mock', '--setenv=PATH=/usr/bin:/bin:/usr/sbin:/sbin', '--setenv=PROMPT_COMMAND=printf "\\033]0;<mock-chroot>\\007"', '--setenv=PS1=<mock-chroot> \\s-\\v\\$ ', '--setenv=LANG=C.UTF-8', '--resolv-conf=off', 'bash', '--login', '-c', '/usr/bin/rpmbuild -bs  --target x86_64 --nodeps /builddir/build/SPECS/cookbook-barnyard2.spec'] with env {'TERM': 'vt100', 'SHELL': '/bin/bash', 'HOME': '/builddir', 'HOSTNAME': 'mock', 'PATH': '/usr/bin:/bin:/usr/sbin:/sbin', 'PROMPT_COMMAND': 'printf "\\033]0;<mock-chroot>\\007"', 'PS1': '<mock-chroot> \\s-\\v\\$ ', 'LANG': 'C.UTF-8', 'SYSTEMD_NSPAWN_TMPFS_TMP': '0', 'SYSTEMD_SECCOMP': '0'} and shell False
Building target platforms: x86_64
Building for target x86_64
setting SOURCE_DATE_EPOCH=1641513600
Wrote: /builddir/build/SRPMS/cookbook-barnyard2-0.0.7-1.el9.rb.1.src.rpm
Child return code was: 0
ENTER ['do_with_status'](['bash', '--login', '-c', '/usr/bin/rpmbuild -bb  --target x86_64 --nodeps /builddir/build/SPECS/cookbook-barnyard2.spec'], chrootPath='/var/lib/mock/sdk9/root'env={'TERM': 'vt100', 'SHELL': '/bin/bash', 'HOME': '/builddir', 'HOSTNAME': 'mock', 'PATH': '/usr/bin:/bin:/usr/sbin:/sbin', 'PROMPT_COMMAND': 'printf "\\033]0;<mock-chroot>\\007"', 'PS1': '<mock-chroot> \\s-\\v\\$ ', 'LANG': 'C.UTF-8'}shell=Falselogger=<mockbuild.trace_decorator.getLog object at 0x7fa2d50fa700>timeout=0uid=0gid=135user='mockbuild'nspawn_args=['--capability=cap_ipc_lock', '--bind=/tmp/mock-resolv.ic8w2uof:/etc/resolv.conf', '--bind=/dev/mapper/control', '--bind=/dev/fuse', '--bind=/dev/loop-control', '--bind=/dev/loop0', '--bind=/dev/loop1', '--bind=/dev/loop2', '--bind=/dev/loop3', '--bind=/dev/loop4', '--bind=/dev/loop5', '--bind=/dev/loop6', '--bind=/dev/loop7', '--bind=/dev/loop8', '--bind=/dev/loop9', '--bind=/dev/loop10', '--bind=/dev/loop11']unshare_net=FalseprintOutput=True)
Using nspawn with args ['--capability=cap_ipc_lock', '--bind=/tmp/mock-resolv.ic8w2uof:/etc/resolv.conf', '--bind=/dev/mapper/control', '--bind=/dev/fuse', '--bind=/dev/loop-control', '--bind=/dev/loop0', '--bind=/dev/loop1', '--bind=/dev/loop2', '--bind=/dev/loop3', '--bind=/dev/loop4', '--bind=/dev/loop5', '--bind=/dev/loop6', '--bind=/dev/loop7', '--bind=/dev/loop8', '--bind=/dev/loop9', '--bind=/dev/loop10', '--bind=/dev/loop11']
Executing command: ['/usr/bin/systemd-nspawn', '-q', '-M', 'ba66d906ac464de189793cd76c03f304', '-D', '/var/lib/mock/sdk9/root', '-a', '-u', 'mockbuild', '--capability=cap_ipc_lock', '--bind=/tmp/mock-resolv.ic8w2uof:/etc/resolv.conf', '--bind=/dev/mapper/control', '--bind=/dev/fuse', '--bind=/dev/loop-control', '--bind=/dev/loop0', '--bind=/dev/loop1', '--bind=/dev/loop2', '--bind=/dev/loop3', '--bind=/dev/loop4', '--bind=/dev/loop5', '--bind=/dev/loop6', '--bind=/dev/loop7', '--bind=/dev/loop8', '--bind=/dev/loop9', '--bind=/dev/loop10', '--bind=/dev/loop11', '--console=pipe', '--setenv=TERM=vt100', '--setenv=SHELL=/bin/bash', '--setenv=HOME=/builddir', '--setenv=HOSTNAME=mock', '--setenv=PATH=/usr/bin:/bin:/usr/sbin:/sbin', '--setenv=PROMPT_COMMAND=printf "\\033]0;<mock-chroot>\\007"', '--setenv=PS1=<mock-chroot> \\s-\\v\\$ ', '--setenv=LANG=C.UTF-8', '--resolv-conf=off', 'bash', '--login', '-c', '/usr/bin/rpmbuild -bb  --target x86_64 --nodeps /builddir/build/SPECS/cookbook-barnyard2.spec'] with env {'TERM': 'vt100', 'SHELL': '/bin/bash', 'HOME': '/builddir', 'HOSTNAME': 'mock', 'PATH': '/usr/bin:/bin:/usr/sbin:/sbin', 'PROMPT_COMMAND': 'printf "\\033]0;<mock-chroot>\\007"', 'PS1': '<mock-chroot> \\s-\\v\\$ ', 'LANG': 'C.UTF-8', 'SYSTEMD_NSPAWN_TMPFS_TMP': '0', 'SYSTEMD_SECCOMP': '0'} and shell False
Building target platforms: x86_64
Building for target x86_64
setting SOURCE_DATE_EPOCH=1641513600
Executing(%prep): /bin/sh -e /var/tmp/rpm-tmp.R0FHdM
+ umask 022
+ cd /builddir/build/BUILD
+ cd /builddir/build/BUILD
+ rm -rf cookbook-barnyard2-0.0.7
+ /usr/bin/gzip -dc /builddir/build/SOURCES/cookbook-barnyard2-0.0.7.tar.gz
+ /usr/bin/tar -xof -
+ STATUS=0
+ '[' 0 -ne 0 ']'
+ cd cookbook-barnyard2-0.0.7
+ /usr/bin/chmod -Rf a+rX,u+w,g-w,o-w .
+ RPM_EC=0
++ jobs -p
+ exit 0
Executing(%build): /bin/sh -e /var/tmp/rpm-tmp.UjYdp4
+ umask 022
+ cd /builddir/build/BUILD
+ cd cookbook-barnyard2-0.0.7
+ RPM_EC=0
++ jobs -p
+ exit 0
Executing(%install): /bin/sh -e /var/tmp/rpm-tmp.2CZbXy
+ umask 022
+ cd /builddir/build/BUILD
+ '[' /builddir/build/BUILDROOT/cookbook-barnyard2-0.0.7-1.el9.rb.1.x86_64 '!=' / ']'
+ rm -rf /builddir/build/BUILDROOT/cookbook-barnyard2-0.0.7-1.el9.rb.1.x86_64
++ dirname /builddir/build/BUILDROOT/cookbook-barnyard2-0.0.7-1.el9.rb.1.x86_64
+ mkdir -p /builddir/build/BUILDROOT
+ mkdir /builddir/build/BUILDROOT/cookbook-barnyard2-0.0.7-1.el9.rb.1.x86_64
+ cd cookbook-barnyard2-0.0.7
+ mkdir -p /builddir/build/BUILDROOT/cookbook-barnyard2-0.0.7-1.el9.rb.1.x86_64/var/chef/cookbooks/barnyard2
+ cp -f -r resources/attributes resources/files resources/metadata.rb resources/providers resources/recipes resources/resources resources/templates /builddir/build/BUILDROOT/cookbook-barnyard2-0.0.7-1.el9.rb.1.x86_64/var/chef/cookbooks/barnyard2
+ chmod -R 0755 /builddir/build/BUILDROOT/cookbook-barnyard2-0.0.7-1.el9.rb.1.x86_64/var/chef/cookbooks/barnyard2
+ install -D -m 0644 README.md /builddir/build/BUILDROOT/cookbook-barnyard2-0.0.7-1.el9.rb.1.x86_64/var/chef/cookbooks/barnyard2/README.md
+ /usr/bin/find-debuginfo -j12 --strict-build-id -m -i --build-id-seed 0.0.7-1.el9.rb.1 --unique-debug-suffix -0.0.7-1.el9.rb.1.x86_64 --unique-debug-src-base cookbook-barnyard2-0.0.7-1.el9.rb.1.x86_64 --run-dwz --dwz-low-mem-die-limit 10000000 --dwz-max-die-limit 110000000 --remove-section .gnu.build.attributes -S debugsourcefiles.list /builddir/build/BUILD/cookbook-barnyard2-0.0.7
+ /usr/lib/rpm/check-buildroot
+ /usr/lib/rpm/redhat/brp-ldconfig
+ /usr/lib/rpm/brp-compress
+ /usr/lib/rpm/redhat/brp-strip-lto /usr/bin/strip
+ /usr/lib/rpm/brp-strip-static-archive /usr/bin/strip
+ /usr/lib/rpm/redhat/brp-python-bytecompile '' 1 0
+ /usr/lib/rpm/brp-python-hardlink
+ /usr/lib/rpm/redhat/brp-mangle-shebangs
*** WARNING: ./var/chef/cookbooks/barnyard2/attributes/default.rb is executable but has no shebang, removing executable bit
*** WARNING: ./var/chef/cookbooks/barnyard2/metadata.rb is executable but has no shebang, removing executable bit
*** WARNING: ./var/chef/cookbooks/barnyard2/providers/config.rb is executable but has no shebang, removing executable bit
*** WARNING: ./var/chef/cookbooks/barnyard2/recipes/default.rb is executable but has no shebang, removing executable bit
*** WARNING: ./var/chef/cookbooks/barnyard2/resources/config.rb is executable but has no shebang, removing executable bit
*** WARNING: ./var/chef/cookbooks/barnyard2/templates/default/barnyard2.conf.erb is executable but has no shebang, removing executable bit
*** WARNING: ./var/chef/cookbooks/barnyard2/templates/default/barnyard2.erb is executable but has no shebang, removing executable bit
*** WARNING: ./var/chef/cookbooks/barnyard2/templates/default/objects.erb is executable but has no shebang, removing executable bit
*** WARNING: ./var/chef/cookbooks/barnyard2/templates/default/objects_hosts.erb is executable but has no shebang, removing executable bit
Processing files: cookbook-barnyard2-0.0.7-1.el9.rb.1.noarch
warning: File listed twice: /var/chef/cookbooks/barnyard2/README.md
Provides: cookbook-barnyard2 = 0.0.7-1.el9.rb.1
Requires(interp): /bin/sh /bin/sh
Requires(rpmlib): rpmlib(CompressedFileNames) <= 3.0.4-1 rpmlib(FileDigests) <= 4.6.0-1 rpmlib(PayloadFilesHavePrefix) <= 4.0-1
Requires(pre): /bin/sh
Requires(post): /bin/sh
Checking for unpackaged file(s): /usr/lib/rpm/check-files /builddir/build/BUILDROOT/cookbook-barnyard2-0.0.7-1.el9.rb.1.x86_64
Wrote: /builddir/build/RPMS/cookbook-barnyard2-0.0.7-1.el9.rb.1.noarch.rpm
Executing(%clean): /bin/sh -e /var/tmp/rpm-tmp.SzPO8D
+ umask 022
+ cd /builddir/build/BUILD
+ cd cookbook-barnyard2-0.0.7
+ /usr/bin/rm -rf /builddir/build/BUILDROOT/cookbook-barnyard2-0.0.7-1.el9.rb.1.x86_64
+ RPM_EC=0
++ jobs -p
+ exit 0
Child return code was: 0
Mock Version: 5.6
ENTER ['do_with_status'](['bash', '--login', '-c', '/usr/bin/rpmbuild -bs  --target x86_64 --nodeps /builddir/build/SPECS/cookbook-snort3.spec'], chrootPath='/var/lib/mock/sdk9/root'env={'TERM': 'vt100', 'SHELL': '/bin/bash', 'HOME': '/builddir', 'HOSTNAME': 'mock', 'PATH': '/usr/bin:/bin:/usr/sbin:/sbin', 'PROMPT_COMMAND': 'printf "\\033]0;<mock-chroot>\\007"', 'PS1': '<mock-chroot> \\s-\\v\\$ ', 'LANG': 'C.UTF-8'}shell=Falselogger=<mockbuild.trace_decorator.getLog object at 0x7f560277aa30>timeout=0uid=0gid=135user='mockbuild'nspawn_args=['--capability=cap_ipc_lock', '--bind=/tmp/mock-resolv.prjyyv44:/etc/resolv.conf', '--bind=/dev/mapper/control', '--bind=/dev/fuse', '--bind=/dev/loop-control', '--bind=/dev/loop0', '--bind=/dev/loop1', '--bind=/dev/loop2', '--bind=/dev/loop3', '--bind=/dev/loop4', '--bind=/dev/loop5', '--bind=/dev/loop6', '--bind=/dev/loop7', '--bind=/dev/loop8', '--bind=/dev/loop9', '--bind=/dev/loop10', '--bind=/dev/loop11']unshare_net=FalseprintOutput=True)
Using nspawn with args ['--capability=cap_ipc_lock', '--bind=/tmp/mock-resolv.prjyyv44:/etc/resolv.conf', '--bind=/dev/mapper/control', '--bind=/dev/fuse', '--bind=/dev/loop-control', '--bind=/dev/loop0', '--bind=/dev/loop1', '--bind=/dev/loop2', '--bind=/dev/loop3', '--bind=/dev/loop4', '--bind=/dev/loop5', '--bind=/dev/loop6', '--bind=/dev/loop7', '--bind=/dev/loop8', '--bind=/dev/loop9', '--bind=/dev/loop10', '--bind=/dev/loop11']
Executing command: ['/usr/bin/systemd-nspawn', '-q', '-M', 'af884382949546dea7b8dd2966e6a0f8', '-D', '/var/lib/mock/sdk9/root', '-a', '-u', 'mockbuild', '--capability=cap_ipc_lock', '--bind=/tmp/mock-resolv.prjyyv44:/etc/resolv.conf', '--bind=/dev/mapper/control', '--bind=/dev/fuse', '--bind=/dev/loop-control', '--bind=/dev/loop0', '--bind=/dev/loop1', '--bind=/dev/loop2', '--bind=/dev/loop3', '--bind=/dev/loop4', '--bind=/dev/loop5', '--bind=/dev/loop6', '--bind=/dev/loop7', '--bind=/dev/loop8', '--bind=/dev/loop9', '--bind=/dev/loop10', '--bind=/dev/loop11', '--console=pipe', '--setenv=TERM=vt100', '--setenv=SHELL=/bin/bash', '--setenv=HOME=/builddir', '--setenv=HOSTNAME=mock', '--setenv=PATH=/usr/bin:/bin:/usr/sbin:/sbin', '--setenv=PROMPT_COMMAND=printf "\\033]0;<mock-chroot>\\007"', '--setenv=PS1=<mock-chroot> \\s-\\v\\$ ', '--setenv=LANG=C.UTF-8', '--resolv-conf=off', 'bash', '--login', '-c', '/usr/bin/rpmbuild -bs  --target x86_64 --nodeps /builddir/build/SPECS/cookbook-snort3.spec'] with env {'TERM': 'vt100', 'SHELL': '/bin/bash', 'HOME': '/builddir', 'HOSTNAME': 'mock', 'PATH': '/usr/bin:/bin:/usr/sbin:/sbin', 'PROMPT_COMMAND': 'printf "\\033]0;<mock-chroot>\\007"', 'PS1': '<mock-chroot> \\s-\\v\\$ ', 'LANG': 'C.UTF-8', 'SYSTEMD_NSPAWN_TMPFS_TMP': '0', 'SYSTEMD_SECCOMP': '0'} and shell False
Building target platforms: x86_64
Building for target x86_64
setting SOURCE_DATE_EPOCH=1641513600
Wrote: /builddir/build/SRPMS/cookbook-snort3-0.0.1-1.el9.rb.1.src.rpm
Child return code was: 0
Mock Version: 5.6
ENTER ['do_with_status'](['bash', '--login', '-c', '/usr/bin/rpmbuild -bs  --target x86_64 --nodeps /builddir/build/SPECS/cookbook-snort3.spec'], chrootPath='/var/lib/mock/sdk9/root'env={'TERM': 'vt100', 'SHELL': '/bin/bash', 'HOME': '/builddir', 'HOSTNAME': 'mock', 'PATH': '/usr/bin:/bin:/usr/sbin:/sbin', 'PROMPT_COMMAND': 'printf "\\033]0;<mock-chroot>\\007"', 'PS1': '<mock-chroot> \\s-\\v\\$ ', 'LANG': 'C.UTF-8'}shell=Falselogger=<mockbuild.trace_decorator.getLog object at 0x7f33d59cea30>timeout=0uid=0gid=135user='mockbuild'nspawn_args=['--capability=cap_ipc_lock', '--bind=/tmp/mock-resolv.m_07cc62:/etc/resolv.conf', '--bind=/dev/mapper/control', '--bind=/dev/fuse', '--bind=/dev/loop-control', '--bind=/dev/loop0', '--bind=/dev/loop1', '--bind=/dev/loop2', '--bind=/dev/loop3', '--bind=/dev/loop4', '--bind=/dev/loop5', '--bind=/dev/loop6', '--bind=/dev/loop7', '--bind=/dev/loop8', '--bind=/dev/loop9', '--bind=/dev/loop10', '--bind=/dev/loop11']unshare_net=FalseprintOutput=True)
Using nspawn with args ['--capability=cap_ipc_lock', '--bind=/tmp/mock-resolv.m_07cc62:/etc/resolv.conf', '--bind=/dev/mapper/control', '--bind=/dev/fuse', '--bind=/dev/loop-control', '--bind=/dev/loop0', '--bind=/dev/loop1', '--bind=/dev/loop2', '--bind=/dev/loop3', '--bind=/dev/loop4', '--bind=/dev/loop5', '--bind=/dev/loop6', '--bind=/dev/loop7', '--bind=/dev/loop8', '--bind=/dev/loop9', '--bind=/dev/loop10', '--bind=/dev/loop11']
Executing command: ['/usr/bin/systemd-nspawn', '-q', '-M', 'ac57924480924ff5af9622f49a225f92', '-D', '/var/lib/mock/sdk9/root', '-a', '-u', 'mockbuild', '--capability=cap_ipc_lock', '--bind=/tmp/mock-resolv.m_07cc62:/etc/resolv.conf', '--bind=/dev/mapper/control', '--bind=/dev/fuse', '--bind=/dev/loop-control', '--bind=/dev/loop0', '--bind=/dev/loop1', '--bind=/dev/loop2', '--bind=/dev/loop3', '--bind=/dev/loop4', '--bind=/dev/loop5', '--bind=/dev/loop6', '--bind=/dev/loop7', '--bind=/dev/loop8', '--bind=/dev/loop9', '--bind=/dev/loop10', '--bind=/dev/loop11', '--console=pipe', '--setenv=TERM=vt100', '--setenv=SHELL=/bin/bash', '--setenv=HOME=/builddir', '--setenv=HOSTNAME=mock', '--setenv=PATH=/usr/bin:/bin:/usr/sbin:/sbin', '--setenv=PROMPT_COMMAND=printf "\\033]0;<mock-chroot>\\007"', '--setenv=PS1=<mock-chroot> \\s-\\v\\$ ', '--setenv=LANG=C.UTF-8', '--resolv-conf=off', 'bash', '--login', '-c', '/usr/bin/rpmbuild -bs  --target x86_64 --nodeps /builddir/build/SPECS/cookbook-snort3.spec'] with env {'TERM': 'vt100', 'SHELL': '/bin/bash', 'HOME': '/builddir', 'HOSTNAME': 'mock', 'PATH': '/usr/bin:/bin:/usr/sbin:/sbin', 'PROMPT_COMMAND': 'printf "\\033]0;<mock-chroot>\\007"', 'PS1': '<mock-chroot> \\s-\\v\\$ ', 'LANG': 'C.UTF-8', 'SYSTEMD_NSPAWN_TMPFS_TMP': '0', 'SYSTEMD_SECCOMP': '0'} and shell False
Building target platforms: x86_64
Building for target x86_64
setting SOURCE_DATE_EPOCH=1641513600
Wrote: /builddir/build/SRPMS/cookbook-snort3-0.0.1-1.el9.rb.1.src.rpm
Child return code was: 0
ENTER ['do_with_status'](['bash', '--login', '-c', '/usr/bin/rpmbuild -bb  --target x86_64 --nodeps /builddir/build/SPECS/cookbook-snort3.spec'], chrootPath='/var/lib/mock/sdk9/root'env={'TERM': 'vt100', 'SHELL': '/bin/bash', 'HOME': '/builddir', 'HOSTNAME': 'mock', 'PATH': '/usr/bin:/bin:/usr/sbin:/sbin', 'PROMPT_COMMAND': 'printf "\\033]0;<mock-chroot>\\007"', 'PS1': '<mock-chroot> \\s-\\v\\$ ', 'LANG': 'C.UTF-8'}shell=Falselogger=<mockbuild.trace_decorator.getLog object at 0x7f33d59cea30>timeout=0uid=0gid=135user='mockbuild'nspawn_args=['--capability=cap_ipc_lock', '--bind=/tmp/mock-resolv.m_07cc62:/etc/resolv.conf', '--bind=/dev/mapper/control', '--bind=/dev/fuse', '--bind=/dev/loop-control', '--bind=/dev/loop0', '--bind=/dev/loop1', '--bind=/dev/loop2', '--bind=/dev/loop3', '--bind=/dev/loop4', '--bind=/dev/loop5', '--bind=/dev/loop6', '--bind=/dev/loop7', '--bind=/dev/loop8', '--bind=/dev/loop9', '--bind=/dev/loop10', '--bind=/dev/loop11']unshare_net=FalseprintOutput=True)
Using nspawn with args ['--capability=cap_ipc_lock', '--bind=/tmp/mock-resolv.m_07cc62:/etc/resolv.conf', '--bind=/dev/mapper/control', '--bind=/dev/fuse', '--bind=/dev/loop-control', '--bind=/dev/loop0', '--bind=/dev/loop1', '--bind=/dev/loop2', '--bind=/dev/loop3', '--bind=/dev/loop4', '--bind=/dev/loop5', '--bind=/dev/loop6', '--bind=/dev/loop7', '--bind=/dev/loop8', '--bind=/dev/loop9', '--bind=/dev/loop10', '--bind=/dev/loop11']
Executing command: ['/usr/bin/systemd-nspawn', '-q', '-M', '5a01e892122343309a353ded35347972', '-D', '/var/lib/mock/sdk9/root', '-a', '-u', 'mockbuild', '--capability=cap_ipc_lock', '--bind=/tmp/mock-resolv.m_07cc62:/etc/resolv.conf', '--bind=/dev/mapper/control', '--bind=/dev/fuse', '--bind=/dev/loop-control', '--bind=/dev/loop0', '--bind=/dev/loop1', '--bind=/dev/loop2', '--bind=/dev/loop3', '--bind=/dev/loop4', '--bind=/dev/loop5', '--bind=/dev/loop6', '--bind=/dev/loop7', '--bind=/dev/loop8', '--bind=/dev/loop9', '--bind=/dev/loop10', '--bind=/dev/loop11', '--console=pipe', '--setenv=TERM=vt100', '--setenv=SHELL=/bin/bash', '--setenv=HOME=/builddir', '--setenv=HOSTNAME=mock', '--setenv=PATH=/usr/bin:/bin:/usr/sbin:/sbin', '--setenv=PROMPT_COMMAND=printf "\\033]0;<mock-chroot>\\007"', '--setenv=PS1=<mock-chroot> \\s-\\v\\$ ', '--setenv=LANG=C.UTF-8', '--resolv-conf=off', 'bash', '--login', '-c', '/usr/bin/rpmbuild -bb  --target x86_64 --nodeps /builddir/build/SPECS/cookbook-snort3.spec'] with env {'TERM': 'vt100', 'SHELL': '/bin/bash', 'HOME': '/builddir', 'HOSTNAME': 'mock', 'PATH': '/usr/bin:/bin:/usr/sbin:/sbin', 'PROMPT_COMMAND': 'printf "\\033]0;<mock-chroot>\\007"', 'PS1': '<mock-chroot> \\s-\\v\\$ ', 'LANG': 'C.UTF-8', 'SYSTEMD_NSPAWN_TMPFS_TMP': '0', 'SYSTEMD_SECCOMP': '0'} and shell False
Building target platforms: x86_64
Building for target x86_64
setting SOURCE_DATE_EPOCH=1641513600
Executing(%prep): /bin/sh -e /var/tmp/rpm-tmp.GHx2Cn
+ umask 022
+ cd /builddir/build/BUILD
+ cd /builddir/build/BUILD
+ rm -rf cookbook-snort3-0.0.1
+ /usr/bin/gzip -dc /builddir/build/SOURCES/cookbook-snort3-0.0.1.tar.gz
+ /usr/bin/tar -xof -
+ STATUS=0
+ '[' 0 -ne 0 ']'
+ cd cookbook-snort3-0.0.1
+ /usr/bin/chmod -Rf a+rX,u+w,g-w,o-w .
+ RPM_EC=0
++ jobs -p
+ exit 0
Executing(%build): /bin/sh -e /var/tmp/rpm-tmp.TnOjwq
+ umask 022
+ cd /builddir/build/BUILD
+ cd cookbook-snort3-0.0.1
+ RPM_EC=0
++ jobs -p
+ exit 0
Executing(%install): /bin/sh -e /var/tmp/rpm-tmp.Q8nbDG
+ umask 022
+ cd /builddir/build/BUILD
+ '[' /builddir/build/BUILDROOT/cookbook-snort3-0.0.1-1.el9.rb.1.x86_64 '!=' / ']'
+ rm -rf /builddir/build/BUILDROOT/cookbook-snort3-0.0.1-1.el9.rb.1.x86_64
++ dirname /builddir/build/BUILDROOT/cookbook-snort3-0.0.1-1.el9.rb.1.x86_64
+ mkdir -p /builddir/build/BUILDROOT
+ mkdir /builddir/build/BUILDROOT/cookbook-snort3-0.0.1-1.el9.rb.1.x86_64
+ cd cookbook-snort3-0.0.1
+ mkdir -p /builddir/build/BUILDROOT/cookbook-snort3-0.0.1-1.el9.rb.1.x86_64/var/chef/cookbooks/snort3
+ cp -f -r 'resources/*' /builddir/build/BUILDROOT/cookbook-snort3-0.0.1-1.el9.rb.1.x86_64/var/chef/cookbooks/snort3
cp: cannot stat 'resources/*': No such file or directory
error: Bad exit status from /var/tmp/rpm-tmp.Q8nbDG (%install)
RPM build errors:
    Bad exit status from /var/tmp/rpm-tmp.Q8nbDG (%install)
Child return code was: 1
EXCEPTION: [Error('Command failed: \n # /usr/bin/systemd-nspawn -q -M 5a01e892122343309a353ded35347972 -D /var/lib/mock/sdk9/root -a -u mockbuild --capability=cap_ipc_lock --bind=/tmp/mock-resolv.m_07cc62:/etc/resolv.conf --bind=/dev/mapper/control --bind=/dev/fuse --bind=/dev/loop-control --bind=/dev/loop0 --bind=/dev/loop1 --bind=/dev/loop2 --bind=/dev/loop3 --bind=/dev/loop4 --bind=/dev/loop5 --bind=/dev/loop6 --bind=/dev/loop7 --bind=/dev/loop8 --bind=/dev/loop9 --bind=/dev/loop10 --bind=/dev/loop11 --console=pipe --setenv=TERM=vt100 --setenv=SHELL=/bin/bash --setenv=HOME=/builddir --setenv=HOSTNAME=mock --setenv=PATH=/usr/bin:/bin:/usr/sbin:/sbin \'--setenv=PROMPT_COMMAND=printf "\\033]0;<mock-chroot>\\007"\' \'--setenv=PS1=<mock-chroot> \\s-\\v\\$ \' --setenv=LANG=C.UTF-8 --resolv-conf=off bash --login -c \'/usr/bin/rpmbuild -bb  --target x86_64 --nodeps /builddir/build/SPECS/cookbook-snort3.spec\'\n', 1)]
Traceback (most recent call last):
  File "/usr/lib/python3.9/site-packages/mockbuild/trace_decorator.py", line 93, in trace
    result = func(*args, **kw)
  File "/usr/lib/python3.9/site-packages/mockbuild/util.py", line 612, in do_with_status
    raise exception.Error("Command failed: \n # %s\n%s" % (cmd_pretty(command, env), output), child.returncode)
mockbuild.exception.Error: Command failed: 
 # /usr/bin/systemd-nspawn -q -M 5a01e892122343309a353ded35347972 -D /var/lib/mock/sdk9/root -a -u mockbuild --capability=cap_ipc_lock --bind=/tmp/mock-resolv.m_07cc62:/etc/resolv.conf --bind=/dev/mapper/control --bind=/dev/fuse --bind=/dev/loop-control --bind=/dev/loop0 --bind=/dev/loop1 --bind=/dev/loop2 --bind=/dev/loop3 --bind=/dev/loop4 --bind=/dev/loop5 --bind=/dev/loop6 --bind=/dev/loop7 --bind=/dev/loop8 --bind=/dev/loop9 --bind=/dev/loop10 --bind=/dev/loop11 --console=pipe --setenv=TERM=vt100 --setenv=SHELL=/bin/bash --setenv=HOME=/builddir --setenv=HOSTNAME=mock --setenv=PATH=/usr/bin:/bin:/usr/sbin:/sbin '--setenv=PROMPT_COMMAND=printf "\033]0;<mock-chroot>\007"' '--setenv=PS1=<mock-chroot> \s-\v\$ ' --setenv=LANG=C.UTF-8 --resolv-conf=off bash --login -c '/usr/bin/rpmbuild -bb  --target x86_64 --nodeps /builddir/build/SPECS/cookbook-snort3.spec'

