2024-07-05 17:06:37,262 - Mock Version: 5.5
2024-07-05 17:06:37,266 - Start(bootstrap): chroot init
2024-07-05 17:06:37,275 - Start(bootstrap): cleaning package manager metadata
2024-07-05 17:06:37,275 - Finish(bootstrap): cleaning package manager metadata
2024-07-05 17:06:37,435 - Finish(bootstrap): chroot init
2024-07-05 17:06:37,437 - Start: chroot init
2024-07-05 17:06:37,444 - Start: unpacking root cache
2024-07-05 17:06:38,392 - Finish: unpacking root cache
2024-07-05 17:06:38,393 - Start: cleaning package manager metadata
2024-07-05 17:06:38,395 - Finish: cleaning package manager metadata
2024-07-05 17:06:38,765 - Start: dnf update
2024-07-05 17:06:43,500 - Finish: dnf update
2024-07-05 17:06:43,809 - Finish: chroot init
2024-07-05 17:06:43,812 - Start: buildsrpm
2024-07-05 17:06:43,815 - Start: rpmbuild -bs
2024-07-05 17:06:43,883 - Finish: rpmbuild -bs
2024-07-05 17:06:43,885 - Finish: buildsrpm
2024-07-05 17:06:43,886 - Start: clean chroot
2024-07-05 17:06:44,874 - Finish: clean chroot
2024-07-05 17:06:44,875 - Finish: run
2024-07-05 17:06:45,288 - Mock Version: 5.5
2024-07-05 17:06:45,291 - Start(bootstrap): chroot init
2024-07-05 17:06:45,300 - Start(bootstrap): cleaning package manager metadata
2024-07-05 17:06:45,300 - Finish(bootstrap): cleaning package manager metadata
2024-07-05 17:06:45,429 - Finish(bootstrap): chroot init
2024-07-05 17:06:45,431 - Start: chroot init
2024-07-05 17:06:45,438 - Start: unpacking root cache
2024-07-05 17:06:46,315 - Finish: unpacking root cache
2024-07-05 17:06:46,317 - Start: cleaning package manager metadata
2024-07-05 17:06:46,318 - Finish: cleaning package manager metadata
2024-07-05 17:06:46,494 - Start: dnf update
2024-07-05 17:06:51,556 - Finish: dnf update
2024-07-05 17:06:51,728 - Finish: chroot init
2024-07-05 17:06:51,729 - Start: build phase for cookbook-barnyard2-0.0.7-1.el9.rb.1.src.rpm
2024-07-05 17:06:51,730 - Start: build setup for cookbook-barnyard2-0.0.7-1.el9.rb.1.src.rpm
2024-07-05 17:06:53,706 - Finish: build setup for cookbook-barnyard2-0.0.7-1.el9.rb.1.src.rpm
2024-07-05 17:06:53,706 - Start: Outputting list of installed packages
2024-07-05 17:06:53,806 - Finish: Outputting list of installed packages
2024-07-05 17:06:53,806 - Start: rpmbuild cookbook-barnyard2-0.0.7-1.el9.rb.1.src.rpm
2024-07-05 17:06:54,043 - Finish: rpmbuild cookbook-barnyard2-0.0.7-1.el9.rb.1.src.rpm
2024-07-05 17:06:54,045 - Finish: build phase for cookbook-barnyard2-0.0.7-1.el9.rb.1.src.rpm
2024-07-05 17:06:54,047 - Start: clean chroot
2024-07-05 17:06:55,078 - Finish: clean chroot
2024-07-05 17:06:55,079 - Finish: run
2024-10-16 15:30:49,922 - Mock Version: 5.6
2024-10-16 15:30:49,925 - Start(bootstrap): chroot init
2024-10-16 15:30:49,934 - Start(bootstrap): cleaning package manager metadata
2024-10-16 15:30:49,935 - Finish(bootstrap): cleaning package manager metadata
2024-10-16 15:30:50,171 - Finish(bootstrap): chroot init
2024-10-16 15:30:50,173 - Start: chroot init
2024-10-16 15:30:50,180 - Start: unpacking root cache
2024-10-16 15:30:51,153 - Finish: unpacking root cache
2024-10-16 15:30:51,154 - Start: cleaning package manager metadata
2024-10-16 15:30:51,165 - Finish: cleaning package manager metadata
2024-10-16 15:30:51,546 - Start: dnf update
2024-10-16 15:30:58,653 - Finish: dnf update
2024-10-16 15:30:58,842 - Finish: chroot init
2024-10-16 15:30:58,843 - Start: buildsrpm
2024-10-16 15:30:58,845 - Start: rpmbuild -bs
2024-10-16 15:30:58,900 - Finish: rpmbuild -bs
2024-10-16 15:30:58,901 - Finish: buildsrpm
2024-10-16 15:30:58,902 - Start: clean chroot
2024-10-16 15:30:59,849 - Finish: clean chroot
2024-10-16 15:30:59,850 - Finish: run
2024-10-16 15:31:00,192 - Mock Version: 5.6
2024-10-16 15:31:00,195 - Start(bootstrap): chroot init
2024-10-16 15:31:00,203 - Start(bootstrap): cleaning package manager metadata
2024-10-16 15:31:00,203 - Finish(bootstrap): cleaning package manager metadata
2024-10-16 15:31:00,351 - Finish(bootstrap): chroot init
2024-10-16 15:31:00,352 - Start: chroot init
2024-10-16 15:31:00,359 - Start: unpacking root cache
2024-10-16 15:31:01,245 - Finish: unpacking root cache
2024-10-16 15:31:01,247 - Start: cleaning package manager metadata
2024-10-16 15:31:01,249 - Finish: cleaning package manager metadata
2024-10-16 15:31:01,441 - Start: dnf update
2024-10-16 15:31:05,108 - Finish: dnf update
2024-10-16 15:31:05,275 - Finish: chroot init
2024-10-16 15:31:05,276 - Start: build phase for cookbook-snort3-0.0.1-1.el9.rb.1.src.rpm
2024-10-16 15:31:05,276 - Start: build setup for cookbook-snort3-0.0.1-1.el9.rb.1.src.rpm
2024-10-16 15:31:07,285 - Finish: build setup for cookbook-snort3-0.0.1-1.el9.rb.1.src.rpm
2024-10-16 15:31:07,286 - Start: Outputting list of installed packages
2024-10-16 15:31:07,395 - Finish: Outputting list of installed packages
2024-10-16 15:31:07,395 - Start: rpmbuild cookbook-snort3-0.0.1-1.el9.rb.1.src.rpm
2024-10-16 15:31:07,461 - Finish: rpmbuild cookbook-snort3-0.0.1-1.el9.rb.1.src.rpm
2024-10-16 15:31:07,461 - Finish: build phase for cookbook-snort3-0.0.1-1.el9.rb.1.src.rpm
2024-10-16 15:31:07,462 - Start: clean chroot
2024-10-16 15:31:08,421 - Finish: clean chroot
2025-04-24 16:48:21,334 - Mock Version: 5.9
2025-04-24 16:48:21,337 - Start(bootstrap): chroot init
2025-04-24 16:48:21,346 - Start(bootstrap): cleaning package manager metadata
2025-04-24 16:48:21,347 - Finish(bootstrap): cleaning package manager metadata
2025-04-24 16:48:21,614 - Finish(bootstrap): chroot init
2025-04-24 16:48:21,615 - Start: chroot init
2025-04-24 16:48:21,625 - Start: unpacking root cache
2025-04-24 16:48:22,668 - Finish: unpacking root cache
2025-04-24 16:48:22,670 - Start: cleaning package manager metadata
2025-04-24 16:48:22,670 - Finish: cleaning package manager metadata
2025-04-24 16:48:23,062 - Start: dnf4 update
2025-04-24 16:48:27,852 - Finish: dnf4 update
2025-04-24 16:48:28,054 - Finish: chroot init
2025-04-24 16:48:28,055 - Start: buildsrpm
2025-04-24 16:48:28,057 - Start: rpmbuild -bs
2025-04-24 16:48:28,119 - Finish: rpmbuild -bs
2025-04-24 16:48:28,121 - Finish: buildsrpm
2025-04-24 16:48:28,122 - Start: clean chroot
2025-04-24 16:48:29,448 - Finish: clean chroot
2025-04-24 16:48:29,449 - Finish: run
2025-04-24 16:48:29,901 - Mock Version: 5.9
2025-04-24 16:48:29,904 - Start(bootstrap): chroot init
2025-04-24 16:48:29,913 - Start(bootstrap): cleaning package manager metadata
2025-04-24 16:48:29,913 - Finish(bootstrap): cleaning package manager metadata
2025-04-24 16:48:30,076 - Finish(bootstrap): chroot init
2025-04-24 16:48:30,078 - Start: chroot init
2025-04-24 16:48:30,085 - Start: unpacking root cache
2025-04-24 16:48:31,075 - Finish: unpacking root cache
2025-04-24 16:48:31,077 - Start: cleaning package manager metadata
2025-04-24 16:48:31,078 - Finish: cleaning package manager metadata
2025-04-24 16:48:31,294 - Start: dnf4 update
2025-04-24 16:48:34,681 - Finish: dnf4 update
2025-04-24 16:48:34,849 - Finish: chroot init
2025-04-24 16:48:34,850 - Start: build phase for cookbook-snort3-99999999999999999999999999999.9.9-1.el9.rb.1.src.rpm
2025-04-24 16:48:34,850 - Start: build setup for cookbook-snort3-99999999999999999999999999999.9.9-1.el9.rb.1.src.rpm
2025-04-24 16:48:37,039 - Finish: build setup for cookbook-snort3-99999999999999999999999999999.9.9-1.el9.rb.1.src.rpm
2025-04-24 16:48:37,039 - Start: rpmbuild cookbook-snort3-99999999999999999999999999999.9.9-1.el9.rb.1.src.rpm
2025-04-24 16:48:37,040 - Start: Outputting list of installed packages
2025-04-24 16:48:37,186 - Finish: Outputting list of installed packages
2025-04-24 16:48:37,425 - Finish: rpmbuild cookbook-snort3-99999999999999999999999999999.9.9-1.el9.rb.1.src.rpm
2025-04-24 16:48:37,428 - Finish: build phase for cookbook-snort3-99999999999999999999999999999.9.9-1.el9.rb.1.src.rpm
2025-04-24 16:48:37,430 - Start: clean chroot
2025-04-24 16:48:38,729 - Finish: clean chroot
2025-04-24 16:48:38,729 - Finish: run
